<?xml version="1.0" encoding="UTF-8"?>
<!-- Generated by org.testng.reporters.JUnitXMLReporter -->
<testsuite ignored="0" hostname="TTNPL-MohdAamir" failures="0" tests="3" name="Default test" time="45.339" errors="0" timestamp="2023-03-23T17:25:50 IST">
  <testcase classname="moduleOne.LoginTestCase" name="Login" time="6.945"/>
  <testcase classname="moduleOne.LoginTestCase" name="HomePageVerify" time="0.029"/>
  <testcase classname="moduleOne.LoginTestCase" name="addUser" time="38.315"/>
</testsuite> <!-- Default test -->
