<?xml version="1.0" encoding="UTF-8"?>
<testng-results ignored="0" total="2" passed="2" failed="0" skipped="0">
  <reporter-output>
  </reporter-output>
  <suite started-at="2023-04-10T14:45:56 IST" name="Suite" finished-at="2023-04-10T14:46:10 IST" duration-ms="14629">
    <groups>
    </groups>
    <test started-at="2023-04-10T14:45:56 IST" name="Test" finished-at="2023-04-10T14:46:10 IST" duration-ms="14629">
      <class name="moduleOne.ParallelTestExe">
        <test-method is-config="true" signature="launch()[pri:0, instance:moduleOne.ParallelTestExe@50b5ac82]" started-at="2023-04-10T14:45:56 IST" name="launch" finished-at="2023-04-10T14:46:01 IST" duration-ms="4993" status="PASS">
          <reporter-output>
          </reporter-output>
        </test-method> <!-- launch -->
        <test-method signature="demo()[pri:0, instance:moduleOne.ParallelTestExe@50b5ac82]" started-at="2023-04-10T14:46:01 IST" name="demo" finished-at="2023-04-10T14:46:01 IST" duration-ms="24" status="PASS">
          <reporter-output>
          </reporter-output>
        </test-method> <!-- demo -->
        <test-method signature="demo1()[pri:0, instance:moduleOne.ParallelTestExe@50b5ac82]" started-at="2023-04-10T14:46:01 IST" name="demo1" finished-at="2023-04-10T14:46:04 IST" duration-ms="3306" status="PASS">
          <reporter-output>
          </reporter-output>
        </test-method> <!-- demo1 -->
        <test-method is-config="true" signature="close()[pri:0, instance:moduleOne.ParallelTestExe@50b5ac82]" started-at="2023-04-10T14:46:04 IST" name="close" finished-at="2023-04-10T14:46:10 IST" duration-ms="6292" status="PASS">
          <reporter-output>
          </reporter-output>
        </test-method> <!-- close -->
      </class> <!-- moduleOne.ParallelTestExe -->
    </test> <!-- Test -->
  </suite> <!-- Suite -->
</testng-results>
